<?xml version="1.0" encoding="UTF-8"?>
<!-- Generated by org.testng.reporters.JUnitReportReporter -->
<testsuite hostname="LAPTOP-SCKJD8AC" failures="0" tests="6" name="Part18.TestNG4" time="0.020" errors="0" timestamp="2020-12-20T11:58:08 IST" skipped="0">
  <testcase classname="Part18.TestNG4" name="zmultimethods" time="0.003"/>
  <system-out/>
  <testcase classname="Part18.TestNG4" name="zmultimethods" time="0.001"/>
  <system-out/>
  <testcase classname="Part18.TestNG4" name="APILoginHome" time="0.009"/>
  <system-out/>
  <testcase classname="Part18.TestNG4" name="zmultimethods" time="0.003"/>
  <system-out/>
  <testcase classname="Part18.TestNG4" name="MobileLoginHome" time="0.001"/>
  <system-out/>
  <testcase classname="Part18.TestNG4" name="WebLoginHome" time="0.003"/>
  <system-out/>
</testsuite> <!-- Part18.TestNG4 -->
