<?xml version="1.0" encoding="UTF-8"?>
<!-- Generated by org.testng.reporters.JUnitReportReporter -->
<testsuite hostname="LAPTOP-SCKJD8AC" failures="0" tests="2" name="Part18.TestNG" time="0.008" errors="0" timestamp="2020-12-12T12:37:43 IST" skipped="0">
  <testcase classname="Part18.TestNG" name="Demo" time="0.007"/>
  <system-out/>
  <testcase classname="Part18.TestNG" name="SecondTest" time="0.001"/>
  <system-out/>
</testsuite> <!-- Part18.TestNG -->
