<?xml version="1.0" encoding="UTF-8"?>
<!-- Generated by org.testng.reporters.JUnitReportReporter -->
<testsuite hostname="LAPTOP-SCKJD8AC" failures="0" tests="5" name="Part18.TestNG3" time="0.025" errors="0" timestamp="2020-12-13T15:23:23 IST" skipped="1">
  <testcase classname="Part18.TestNG3" name="MobileSingoutincar" time="0.003"/>
  <system-out/>
  <testcase classname="Part18.TestNG3" name="MobileSingincar" time="0.003"/>
  <system-out/>
  <testcase classname="Part18.TestNG3" name="WebLogincar" time="0.002"/>
  <system-out/>
  <testcase classname="Part18.TestNG3" name="MobileLogincar" time="0.017"/>
  <system-out/>
  <testcase classname="Part18.TestNG3" name="APILogincar">
    <skipped/>
  </testcase> <!-- APILogincar -->
  <system-out/>
</testsuite> <!-- Part18.TestNG3 -->
