<?xml version="1.0" encoding="UTF-8"?>
<!-- Generated by org.testng.reporters.JUnitReportReporter -->
<testsuite hostname="LAPTOP-SCKJD8AC" failures="0" tests="1" name="TestCases.LoginthePage" time="30.418" errors="0" timestamp="2020-12-16T12:55:38 IST" skipped="0">
  <testcase classname="TestCases.LoginthePage" name="Demo" time="30.418"/>
  <system-out/>
</testsuite> <!-- TestCases.LoginthePage -->
