<?xml version="1.0" encoding="UTF-8"?>
<!-- Generated by org.testng.reporters.JUnitReportReporter -->
<testsuite hostname="LAPTOP-SCKJD8AC" failures="0" tests="1" name="project2.apiTest" time="0.002" errors="0" timestamp="2021-05-27T06:53:35 IST" skipped="0">
  <testcase classname="project2.apiTest" name="api" time="0.002"/>
  <system-out/>
</testsuite> <!-- project2.apiTest -->
