<?xml version="1.0" encoding="UTF-8"?>
<!-- Generated by org.testng.reporters.JUnitReportReporter -->
<testsuite hostname="LAPTOP-SCKJD8AC" failures="0" tests="1" name="project2.SeleniumTest" time="0.012" errors="0" timestamp="2021-05-27T06:53:48 IST" skipped="0">
  <testcase classname="project2.SeleniumTest" name="first" time="0.012"/>
  <system-out/>
</testsuite> <!-- project2.SeleniumTest -->
