<?xml version="1.0" encoding="UTF-8"?>
<!-- Generated by org.testng.reporters.JUnitReportReporter -->
<testsuite hostname="LAPTOP-SCKJD8AC" failures="0" tests="2" name="Package.Test1" time="21.918" errors="0" timestamp="2020-12-21T18:32:26 IST" skipped="0">
  <testcase classname="Package.Test1" name="UseCase" time="12.131"/>
  <system-out/>
  <testcase classname="Package.Test1" name="UseCase" time="9.787"/>
  <system-out/>
</testsuite> <!-- Package.Test1 -->
